Using pre-set license
Built from '2020.3/staging' branch; Version is '2020.3.6f1 (338bb68529b2) revision 3378102'; Using compiler version '192528614'; Build Type 'Release'
OS: 'Windows 10 Home Single Language; OS build 17763.1577; Version 1809; 64bit' Language: 'ru' Physical Memory: 8074 MB
BatchMode: 1, IsHumanControllingUs: 0, StartBugReporterOnCrash: 0, Is64bit: 1, IsPro: 0

 COMMAND LINE ARGUMENTS:
E:\Program Files (x86)\Unitytr\2020.3.6f1\Editor\Unity.exe
-adb2
-batchMode
-noUpm
-name
AssetImportWorker3
-projectPath
E:/GitHub/BMSTUmap/MyFirstGame
-logFile
Logs/AssetImportWorker3.log
-srvPort
59793
Successfully changed project path to: E:/GitHub/BMSTUmap/MyFirstGame
E:/GitHub/BMSTUmap/MyFirstGame
Using Asset Import Pipeline V2.
Refreshing native plugins compatible for Editor in 62.50 ms, found 0 plugins.
Preloading 0 native plugins for Editor in 0.00 ms.
Initialize engine version: 2020.3.6f1 (338bb68529b2)
[Subsystems] Discovering subsystems at path E:/Program Files (x86)/Unitytr/2020.3.6f1/Editor/Data/Resources/UnitySubsystems
[Subsystems] Discovering subsystems at path E:/GitHub/BMSTUmap/MyFirstGame/Assets
GfxDevice: creating device client; threaded=0
Direct3D:
    Version:  Direct3D 11.0 [level 11.0]
    Renderer: NVIDIA GeForce MX110 (ID=0x174e)
    Vendor:   
    VRAM:     2010 MB
    Driver:   26.21.14.4294
Initialize mono
Mono path[0] = 'E:/Program Files (x86)/Unitytr/2020.3.6f1/Editor/Data/Managed'
Mono path[1] = 'E:/Program Files (x86)/Unitytr/2020.3.6f1/Editor/Data/MonoBleedingEdge/lib/mono/unityjit'
Mono config path = 'E:/Program Files (x86)/Unitytr/2020.3.6f1/Editor/Data/MonoBleedingEdge/etc'
Using monoOptions --debugger-agent=transport=dt_socket,embedding=1,server=y,suspend=n,address=127.0.0.1:56296
Begin MonoManager ReloadAssembly
Registering precompiled unity dll's ...
Register platform support module: E:/Program Files (x86)/Unitytr/2020.3.6f1/Editor/Data/PlaybackEngines/WindowsStandaloneSupport/UnityEditor.WindowsStandalone.Extensions.dll
Registered in 0.005390 seconds.
Native extension for WindowsStandalone target not found
Refreshing native plugins compatible for Editor in 46.79 ms, found 0 plugins.
Preloading 0 native plugins for Editor in 0.00 ms.
Mono: successfully reloaded assembly
- Completed reload, in  3.405 seconds
Platform modules already initialized, skipping
Registering precompiled user dll's ...
Registered in 0.001301 seconds.
Begin MonoManager ReloadAssembly
Native extension for WindowsStandalone target not found
Refreshing native plugins compatible for Editor in 0.30 ms, found 0 plugins.
Preloading 0 native plugins for Editor in 0.00 ms.
Mono: successfully reloaded assembly
- Completed reload, in  1.832 seconds
Platform modules already initialized, skipping
========================================================================
Worker process is ready to serve import requests
Launched and connected shader compiler UnityShaderCompiler.exe after 0.36 seconds
Refreshing native plugins compatible for Editor in 0.34 ms, found 0 plugins.
Preloading 0 native plugins for Editor in 0.00 ms.
Unloading 1129 Unused Serialized files (Serialized files now loaded: 0)
System memory in use before: 70.1 MB.
System memory in use after: 70.2 MB.

Unloading 8 unused Assets to reduce memory usage. Loaded Objects now: 1592.
Total: 3.451700 ms (FindLiveObjects: 0.197600 ms CreateObjectMapping: 0.066200 ms MarkObjects: 3.154500 ms  DeleteObjects: 0.031100 ms)

========================================================================
Received Import Request.
  path: Assets/scripts/CreateAudience.cs
  artifactKey: Guid(5f81f89eda3bf60409d4d009234d0a4d) Importer(815301076,1909f56bfc062723c751e8b465ee728b)
Start importing Assets/scripts/CreateAudience.cs using Guid(5f81f89eda3bf60409d4d009234d0a4d) Importer(815301076,1909f56bfc062723c751e8b465ee728b)  -> (artifact id: 'edb54a3595e51296a5a69869cba4063d') in 0.375488 seconds
  Import took 0.410696 seconds .

========================================================================
Received Prepare
Registering precompiled user dll's ...
Registered in 0.002444 seconds.
Begin MonoManager ReloadAssembly
Native extension for WindowsStandalone target not found
Refreshing native plugins compatible for Editor in 0.61 ms, found 0 plugins.
Preloading 0 native plugins for Editor in 0.00 ms.
Mono: successfully reloaded assembly
- Completed reload, in  2.048 seconds
Platform modules already initialized, skipping
Refreshing native plugins compatible for Editor in 0.59 ms, found 0 plugins.
Preloading 0 native plugins for Editor in 0.00 ms.
Unloading 1123 Unused Serialized files (Serialized files now loaded: 0)
System memory in use before: 70.0 MB.
System memory in use after: 70.1 MB.

Unloading 4 unused Assets to reduce memory usage. Loaded Objects now: 1595.
Total: 5.895300 ms (FindLiveObjects: 0.208700 ms CreateObjectMapping: 0.067100 ms MarkObjects: 5.589300 ms  DeleteObjects: 0.027400 ms)

========================================================================
Received Import Request.
  Time since last request: 138.419661 seconds.
  path: Assets/scripts/CreateAudience.cs
  artifactKey: Guid(5f81f89eda3bf60409d4d009234d0a4d) Importer(815301076,1909f56bfc062723c751e8b465ee728b)
Start importing Assets/scripts/CreateAudience.cs using Guid(5f81f89eda3bf60409d4d009234d0a4d) Importer(815301076,1909f56bfc062723c751e8b465ee728b)  -> (artifact id: 'a63cd1799ee4348bc5e2e9e05396573a') in 0.010772 seconds
  Import took 0.087767 seconds .

========================================================================
Received Import Request.
  Time since last request: 4.832297 seconds.
  path: Assets/scripts/CreateAudience.cs
  artifactKey: Guid(5f81f89eda3bf60409d4d009234d0a4d) Importer(815301076,1909f56bfc062723c751e8b465ee728b)
Start importing Assets/scripts/CreateAudience.cs using Guid(5f81f89eda3bf60409d4d009234d0a4d) Importer(815301076,1909f56bfc062723c751e8b465ee728b)  -> (artifact id: 'a63cd1799ee4348bc5e2e9e05396573a') in 0.005858 seconds
  Import took 0.103411 seconds .

========================================================================
Received Prepare
Registering precompiled user dll's ...
Registered in 0.001340 seconds.
Begin MonoManager ReloadAssembly
Native extension for WindowsStandalone target not found
Refreshing native plugins compatible for Editor in 0.30 ms, found 0 plugins.
Preloading 0 native plugins for Editor in 0.00 ms.
Mono: successfully reloaded assembly
- Completed reload, in  2.530 seconds
Platform modules already initialized, skipping
Refreshing native plugins compatible for Editor in 0.35 ms, found 0 plugins.
Preloading 0 native plugins for Editor in 0.00 ms.
Unloading 1123 Unused Serialized files (Serialized files now loaded: 0)
System memory in use before: 70.0 MB.
System memory in use after: 70.1 MB.

Unloading 4 unused Assets to reduce memory usage. Loaded Objects now: 1598.
Total: 7.412700 ms (FindLiveObjects: 1.319100 ms CreateObjectMapping: 0.963700 ms MarkObjects: 5.103600 ms  DeleteObjects: 0.023900 ms)

========================================================================
Received Prepare
Registering precompiled user dll's ...
Registered in 0.001884 seconds.
Begin MonoManager ReloadAssembly
Native extension for WindowsStandalone target not found
Refreshing native plugins compatible for Editor in 0.30 ms, found 0 plugins.
Preloading 0 native plugins for Editor in 0.00 ms.
Mono: successfully reloaded assembly
- Completed reload, in  1.914 seconds
Platform modules already initialized, skipping
Refreshing native plugins compatible for Editor in 0.60 ms, found 0 plugins.
Preloading 0 native plugins for Editor in 0.00 ms.
Unloading 1123 Unused Serialized files (Serialized files now loaded: 0)
System memory in use before: 70.0 MB.
System memory in use after: 70.1 MB.

Unloading 4 unused Assets to reduce memory usage. Loaded Objects now: 1601.
Total: 4.006500 ms (FindLiveObjects: 0.312700 ms CreateObjectMapping: 0.102100 ms MarkObjects: 3.564300 ms  DeleteObjects: 0.024500 ms)

========================================================================
Received Import Request.
  Time since last request: 163.827611 seconds.
  path: Assets/scripts/CreateAudience.cs
  artifactKey: Guid(5f81f89eda3bf60409d4d009234d0a4d) Importer(815301076,1909f56bfc062723c751e8b465ee728b)
Start importing Assets/scripts/CreateAudience.cs using Guid(5f81f89eda3bf60409d4d009234d0a4d) Importer(815301076,1909f56bfc062723c751e8b465ee728b)  -> (artifact id: 'a71c935c1c2b9f15bab0e87bc4af3581') in 0.009597 seconds
  Import took 0.169675 seconds .

========================================================================
Received Import Request.
  Time since last request: 2.570738 seconds.
  path: Assets/scripts/CreateAudience.cs
  artifactKey: Guid(5f81f89eda3bf60409d4d009234d0a4d) Importer(815301076,1909f56bfc062723c751e8b465ee728b)
Start importing Assets/scripts/CreateAudience.cs using Guid(5f81f89eda3bf60409d4d009234d0a4d) Importer(815301076,1909f56bfc062723c751e8b465ee728b)  -> (artifact id: 'a71c935c1c2b9f15bab0e87bc4af3581') in 0.005338 seconds
  Import took 0.010753 seconds .

========================================================================
Received Prepare
Registering precompiled user dll's ...
Registered in 0.001570 seconds.
Begin MonoManager ReloadAssembly
Native extension for WindowsStandalone target not found
Refreshing native plugins compatible for Editor in 0.50 ms, found 0 plugins.
Preloading 0 native plugins for Editor in 0.00 ms.
Mono: successfully reloaded assembly
- Completed reload, in  4.769 seconds
Platform modules already initialized, skipping
Refreshing native plugins compatible for Editor in 0.66 ms, found 0 plugins.
Preloading 0 native plugins for Editor in 0.00 ms.
Unloading 1123 Unused Serialized files (Serialized files now loaded: 0)
System memory in use before: 70.0 MB.
System memory in use after: 70.1 MB.

Unloading 4 unused Assets to reduce memory usage. Loaded Objects now: 1604.
Total: 2.923900 ms (FindLiveObjects: 0.211400 ms CreateObjectMapping: 0.068200 ms MarkObjects: 2.617100 ms  DeleteObjects: 0.024400 ms)

========================================================================
Received Import Request.
  Time since last request: 119.907622 seconds.
  path: Assets/scripts/CreateAudience.cs
  artifactKey: Guid(5f81f89eda3bf60409d4d009234d0a4d) Importer(815301076,1909f56bfc062723c751e8b465ee728b)
Start importing Assets/scripts/CreateAudience.cs using Guid(5f81f89eda3bf60409d4d009234d0a4d) Importer(815301076,1909f56bfc062723c751e8b465ee728b)  -> (artifact id: 'cb2006e0d6f7536a08870bb0f812fc72') in 0.007456 seconds
  Import took 0.030646 seconds .

========================================================================
Received Prepare
Registering precompiled user dll's ...
Registered in 0.002385 seconds.
Begin MonoManager ReloadAssembly
Native extension for WindowsStandalone target not found
Refreshing native plugins compatible for Editor in 0.66 ms, found 0 plugins.
Preloading 0 native plugins for Editor in 0.00 ms.
Mono: successfully reloaded assembly
- Completed reload, in  2.783 seconds
Platform modules already initialized, skipping
Refreshing native plugins compatible for Editor in 0.50 ms, found 0 plugins.
Preloading 0 native plugins for Editor in 0.00 ms.
Unloading 1123 Unused Serialized files (Serialized files now loaded: 0)
System memory in use before: 70.0 MB.
System memory in use after: 70.1 MB.

Unloading 4 unused Assets to reduce memory usage. Loaded Objects now: 1607.
Total: 3.064200 ms (FindLiveObjects: 0.293500 ms CreateObjectMapping: 0.116000 ms MarkObjects: 2.623800 ms  DeleteObjects: 0.027600 ms)

========================================================================
Received Prepare
Registering precompiled user dll's ...
Registered in 0.001683 seconds.
Begin MonoManager ReloadAssembly
Native extension for WindowsStandalone target not found
Refreshing native plugins compatible for Editor in 0.31 ms, found 0 plugins.
Preloading 0 native plugins for Editor in 0.00 ms.
Mono: successfully reloaded assembly
- Completed reload, in  1.916 seconds
Platform modules already initialized, skipping
Refreshing native plugins compatible for Editor in 0.36 ms, found 0 plugins.
Preloading 0 native plugins for Editor in 0.00 ms.
Unloading 1123 Unused Serialized files (Serialized files now loaded: 0)
System memory in use before: 70.0 MB.
System memory in use after: 70.1 MB.

Unloading 4 unused Assets to reduce memory usage. Loaded Objects now: 1610.
Total: 3.520200 ms (FindLiveObjects: 0.802900 ms CreateObjectMapping: 0.130000 ms MarkObjects: 2.552800 ms  DeleteObjects: 0.031400 ms)

========================================================================
Received Prepare
Registering precompiled user dll's ...
Registered in 0.002169 seconds.
Begin MonoManager ReloadAssembly
Native extension for WindowsStandalone target not found
Refreshing native plugins compatible for Editor in 0.31 ms, found 0 plugins.
Preloading 0 native plugins for Editor in 0.00 ms.
Mono: successfully reloaded assembly
- Completed reload, in  1.908 seconds
Platform modules already initialized, skipping
Refreshing native plugins compatible for Editor in 0.35 ms, found 0 plugins.
Preloading 0 native plugins for Editor in 0.00 ms.
Unloading 1123 Unused Serialized files (Serialized files now loaded: 0)
System memory in use before: 70.0 MB.
System memory in use after: 70.1 MB.

Unloading 4 unused Assets to reduce memory usage. Loaded Objects now: 1613.
Total: 4.295100 ms (FindLiveObjects: 0.337900 ms CreateObjectMapping: 0.127300 ms MarkObjects: 3.795500 ms  DeleteObjects: 0.030800 ms)

========================================================================
Received Import Request.
  Time since last request: 38.800260 seconds.
  path: Assets/scripts/CreateAudience.cs
  artifactKey: Guid(5f81f89eda3bf60409d4d009234d0a4d) Importer(815301076,1909f56bfc062723c751e8b465ee728b)
Start importing Assets/scripts/CreateAudience.cs using Guid(5f81f89eda3bf60409d4d009234d0a4d) Importer(815301076,1909f56bfc062723c751e8b465ee728b)  -> (artifact id: 'ff36015cb82fca04a4953b32fb9dcba1') in 0.007464 seconds
  Import took 0.011420 seconds .

========================================================================
Received Import Request.
  Time since last request: 2.421503 seconds.
  path: Assets/scripts/CreateAudience.cs
  artifactKey: Guid(5f81f89eda3bf60409d4d009234d0a4d) Importer(815301076,1909f56bfc062723c751e8b465ee728b)
Start importing Assets/scripts/CreateAudience.cs using Guid(5f81f89eda3bf60409d4d009234d0a4d) Importer(815301076,1909f56bfc062723c751e8b465ee728b)  -> (artifact id: 'ff36015cb82fca04a4953b32fb9dcba1') in 0.010088 seconds
  Import took 0.014963 seconds .

========================================================================
Received Prepare
Registering precompiled user dll's ...
Registered in 0.001516 seconds.
Begin MonoManager ReloadAssembly
Native extension for WindowsStandalone target not found
Refreshing native plugins compatible for Editor in 0.31 ms, found 0 plugins.
Preloading 0 native plugins for Editor in 0.00 ms.
Mono: successfully reloaded assembly
- Completed reload, in  1.792 seconds
Platform modules already initialized, skipping
Refreshing native plugins compatible for Editor in 0.55 ms, found 0 plugins.
Preloading 0 native plugins for Editor in 0.00 ms.
Unloading 1123 Unused Serialized files (Serialized files now loaded: 0)
System memory in use before: 70.0 MB.
System memory in use after: 70.1 MB.

Unloading 4 unused Assets to reduce memory usage. Loaded Objects now: 1616.
Total: 2.959900 ms (FindLiveObjects: 0.294800 ms CreateObjectMapping: 0.108300 ms MarkObjects: 2.530900 ms  DeleteObjects: 0.024000 ms)

========================================================================
Received Prepare
Registering precompiled user dll's ...
Registered in 0.008690 seconds.
Begin MonoManager ReloadAssembly
Native extension for WindowsStandalone target not found
Refreshing native plugins compatible for Editor in 0.30 ms, found 0 plugins.
Preloading 0 native plugins for Editor in 0.00 ms.
Mono: successfully reloaded assembly
- Completed reload, in  1.889 seconds
Platform modules already initialized, skipping
Refreshing native plugins compatible for Editor in 0.59 ms, found 0 plugins.
Preloading 0 native plugins for Editor in 0.00 ms.
Unloading 1123 Unused Serialized files (Serialized files now loaded: 0)
System memory in use before: 70.0 MB.
System memory in use after: 70.1 MB.

Unloading 4 unused Assets to reduce memory usage. Loaded Objects now: 1619.
Total: 4.873400 ms (FindLiveObjects: 0.369100 ms CreateObjectMapping: 0.101800 ms MarkObjects: 4.362700 ms  DeleteObjects: 0.036200 ms)

========================================================================
Received Import Request.
  Time since last request: 96.397415 seconds.
  path: Assets/scripts/CreateAudience.cs
  artifactKey: Guid(5f81f89eda3bf60409d4d009234d0a4d) Importer(815301076,1909f56bfc062723c751e8b465ee728b)
Start importing Assets/scripts/CreateAudience.cs using Guid(5f81f89eda3bf60409d4d009234d0a4d) Importer(815301076,1909f56bfc062723c751e8b465ee728b)  -> (artifact id: 'f4bdc25a0602d8f455c3f5f96cea0672') in 0.016239 seconds
  Import took 0.068187 seconds .

========================================================================
Received Import Request.
  Time since last request: 2.824401 seconds.
  path: Assets/scripts/CreateAudience.cs
  artifactKey: Guid(5f81f89eda3bf60409d4d009234d0a4d) Importer(815301076,1909f56bfc062723c751e8b465ee728b)
Start importing Assets/scripts/CreateAudience.cs using Guid(5f81f89eda3bf60409d4d009234d0a4d) Importer(815301076,1909f56bfc062723c751e8b465ee728b)  -> (artifact id: 'f4bdc25a0602d8f455c3f5f96cea0672') in 0.066758 seconds
  Import took 0.071934 seconds .

========================================================================
Received Prepare
Registering precompiled user dll's ...
Registered in 0.002064 seconds.
Begin MonoManager ReloadAssembly
Native extension for WindowsStandalone target not found
Refreshing native plugins compatible for Editor in 0.69 ms, found 0 plugins.
Preloading 0 native plugins for Editor in 0.00 ms.
Mono: successfully reloaded assembly
- Completed reload, in  2.618 seconds
Platform modules already initialized, skipping
Refreshing native plugins compatible for Editor in 0.33 ms, found 0 plugins.
Preloading 0 native plugins for Editor in 0.00 ms.
Unloading 1123 Unused Serialized files (Serialized files now loaded: 0)
System memory in use before: 70.0 MB.
System memory in use after: 70.2 MB.

Unloading 4 unused Assets to reduce memory usage. Loaded Objects now: 1622.
Total: 4.928100 ms (FindLiveObjects: 1.130700 ms CreateObjectMapping: 0.136800 ms MarkObjects: 3.634300 ms  DeleteObjects: 0.023700 ms)

========================================================================
Received Prepare
Registering precompiled user dll's ...
Registered in 0.001342 seconds.
Begin MonoManager ReloadAssembly
Native extension for WindowsStandalone target not found
Refreshing native plugins compatible for Editor in 0.30 ms, found 0 plugins.
Preloading 0 native plugins for Editor in 0.00 ms.
Mono: successfully reloaded assembly
- Completed reload, in  1.776 seconds
Platform modules already initialized, skipping
Refreshing native plugins compatible for Editor in 0.29 ms, found 0 plugins.
Preloading 0 native plugins for Editor in 0.00 ms.
Unloading 1123 Unused Serialized files (Serialized files now loaded: 0)
System memory in use before: 70.1 MB.
System memory in use after: 70.2 MB.

Unloading 4 unused Assets to reduce memory usage. Loaded Objects now: 1625.
Total: 3.854800 ms (FindLiveObjects: 0.349100 ms CreateObjectMapping: 0.380900 ms MarkObjects: 3.094000 ms  DeleteObjects: 0.027800 ms)

========================================================================
Received Prepare
Registering precompiled user dll's ...
Registered in 0.001575 seconds.
Begin MonoManager ReloadAssembly
Native extension for WindowsStandalone target not found
Refreshing native plugins compatible for Editor in 0.83 ms, found 0 plugins.
Preloading 0 native plugins for Editor in 0.00 ms.
Mono: successfully reloaded assembly
- Completed reload, in  1.968 seconds
Platform modules already initialized, skipping
Refreshing native plugins compatible for Editor in 0.36 ms, found 0 plugins.
Preloading 0 native plugins for Editor in 0.00 ms.
Unloading 1123 Unused Serialized files (Serialized files now loaded: 0)
System memory in use before: 70.1 MB.
System memory in use after: 70.2 MB.

Unloading 4 unused Assets to reduce memory usage. Loaded Objects now: 1628.
Total: 3.531400 ms (FindLiveObjects: 0.353000 ms CreateObjectMapping: 0.147400 ms MarkObjects: 3.000500 ms  DeleteObjects: 0.028000 ms)

========================================================================
Received Prepare
Registering precompiled user dll's ...
Registered in 0.002035 seconds.
Begin MonoManager ReloadAssembly
Native extension for WindowsStandalone target not found
Refreshing native plugins compatible for Editor in 0.33 ms, found 0 plugins.
Preloading 0 native plugins for Editor in 0.00 ms.
Mono: successfully reloaded assembly
- Completed reload, in  1.838 seconds
Platform modules already initialized, skipping
Refreshing native plugins compatible for Editor in 0.50 ms, found 0 plugins.
Preloading 0 native plugins for Editor in 0.00 ms.
Unloading 1123 Unused Serialized files (Serialized files now loaded: 0)
System memory in use before: 70.1 MB.
System memory in use after: 70.2 MB.

Unloading 4 unused Assets to reduce memory usage. Loaded Objects now: 1631.
Total: 4.548000 ms (FindLiveObjects: 0.329200 ms CreateObjectMapping: 0.111500 ms MarkObjects: 4.078600 ms  DeleteObjects: 0.025200 ms)

========================================================================
Received Prepare
Registering precompiled user dll's ...
Registered in 0.001815 seconds.
Begin MonoManager ReloadAssembly
Native extension for WindowsStandalone target not found
Refreshing native plugins compatible for Editor in 0.37 ms, found 0 plugins.
Preloading 0 native plugins for Editor in 0.00 ms.
Mono: successfully reloaded assembly
- Completed reload, in  1.570 seconds
Platform modules already initialized, skipping
Refreshing native plugins compatible for Editor in 0.31 ms, found 0 plugins.
Preloading 0 native plugins for Editor in 0.00 ms.
Unloading 1123 Unused Serialized files (Serialized files now loaded: 0)
System memory in use before: 70.1 MB.
System memory in use after: 70.2 MB.

Unloading 4 unused Assets to reduce memory usage. Loaded Objects now: 1634.
Total: 2.690400 ms (FindLiveObjects: 0.207900 ms CreateObjectMapping: 0.068100 ms MarkObjects: 2.389000 ms  DeleteObjects: 0.023400 ms)

========================================================================
Received Prepare
Registering precompiled user dll's ...
Registered in 0.001599 seconds.
Begin MonoManager ReloadAssembly
Native extension for WindowsStandalone target not found
Refreshing native plugins compatible for Editor in 0.41 ms, found 0 plugins.
Preloading 0 native plugins for Editor in 0.00 ms.
Mono: successfully reloaded assembly
- Completed reload, in  1.819 seconds
Platform modules already initialized, skipping
Refreshing native plugins compatible for Editor in 0.52 ms, found 0 plugins.
Preloading 0 native plugins for Editor in 0.00 ms.
Unloading 1123 Unused Serialized files (Serialized files now loaded: 0)
System memory in use before: 70.1 MB.
System memory in use after: 70.2 MB.

Unloading 4 unused Assets to reduce memory usage. Loaded Objects now: 1637.
Total: 4.952200 ms (FindLiveObjects: 0.434900 ms CreateObjectMapping: 0.151200 ms MarkObjects: 4.332800 ms  DeleteObjects: 0.031100 ms)

========================================================================
Received Prepare
Registering precompiled user dll's ...
Registered in 0.002838 seconds.
Begin MonoManager ReloadAssembly
Native extension for WindowsStandalone target not found
Refreshing native plugins compatible for Editor in 0.59 ms, found 0 plugins.
Preloading 0 native plugins for Editor in 0.00 ms.
Mono: successfully reloaded assembly
- Completed reload, in  2.206 seconds
Platform modules already initialized, skipping
Refreshing native plugins compatible for Editor in 0.32 ms, found 0 plugins.
Preloading 0 native plugins for Editor in 0.00 ms.
Unloading 1123 Unused Serialized files (Serialized files now loaded: 0)
System memory in use before: 70.1 MB.
System memory in use after: 70.2 MB.

Unloading 4 unused Assets to reduce memory usage. Loaded Objects now: 1640.
Total: 3.072100 ms (FindLiveObjects: 0.350000 ms CreateObjectMapping: 0.143900 ms MarkObjects: 2.549300 ms  DeleteObjects: 0.026500 ms)

AssetImportWorkerClient::OnTransportError - code=2 error=End of file
